<?xml version="1.0" encoding="UTF-8"?>
<!-- Generated by org.testng.reporters.JUnitReportReporter -->
<testsuite hostname="LAPTOP-MB3HKTJA" failures="0" tests="1" name="restaurantBooking.NewTest" time="2.595" errors="0" timestamp="21 Feb 2022 14:14:28 GMT">
  <testcase classname="restaurantBooking.NewTest" name="f" time="2.595"/>
</testsuite> <!-- restaurantBooking.NewTest -->
